Performing C SOURCE FILE Test CMAKE_HAVE_LIBC_PTHREAD failed with the following output:
Change Dir: /root/workspace/sebot-t710-competition/sebot_ros_kits/build/CMakeFiles/CMakeTmp

Run Build Command(s):/usr/bin/make -f Makefile cmTC_af754/fast && /usr/bin/make  -f CMakeFiles/cmTC_af754.dir/build.make CMakeFiles/cmTC_af754.dir/build
make[1]: Entering directory '/root/workspace/sebot-t710-competition/sebot_ros_kits/build/CMakeFiles/CMakeTmp'
Building C object CMakeFiles/cmTC_af754.dir/src.c.o
/usr/bin/cc -DCMAKE_HAVE_LIBC_PTHREAD   -o CMakeFiles/cmTC_af754.dir/src.c.o -c /root/workspace/sebot-t710-competition/sebot_ros_kits/build/CMakeFiles/CMakeTmp/src.c
Linking C executable cmTC_af754
/usr/cmake-3.24.1-linux-aarch64/bin/cmake -E cmake_link_script CMakeFiles/cmTC_af754.dir/link.txt --verbose=1
/usr/bin/cc -rdynamic CMakeFiles/cmTC_af754.dir/src.c.o -o cmTC_af754 
CMakeFiles/cmTC_af754.dir/src.c.o: In function `main':
src.c:(.text+0x48): undefined reference to `pthread_create'
src.c:(.text+0x50): undefined reference to `pthread_detach'
src.c:(.text+0x58): undefined reference to `pthread_cancel'
src.c:(.text+0x64): undefined reference to `pthread_join'
src.c:(.text+0x74): undefined reference to `pthread_atfork'
collect2: error: ld returned 1 exit status
CMakeFiles/cmTC_af754.dir/build.make:98: recipe for target 'cmTC_af754' failed
make[1]: *** [cmTC_af754] Error 1
make[1]: Leaving directory '/root/workspace/sebot-t710-competition/sebot_ros_kits/build/CMakeFiles/CMakeTmp'
Makefile:127: recipe for target 'cmTC_af754/fast' failed
make: *** [cmTC_af754/fast] Error 2


Source file was:
#include <pthread.h>

static void* test_func(void* data)
{
  return data;
}

int main(void)
{
  pthread_t thread;
  pthread_create(&thread, NULL, test_func, NULL);
  pthread_detach(thread);
  pthread_cancel(thread);
  pthread_join(thread, NULL);
  pthread_atfork(NULL, NULL, NULL);
  pthread_exit(NULL);

  return 0;
}

Determining if the function pthread_create exists in the pthreads failed with the following output:
Change Dir: /root/workspace/sebot-t710-competition/sebot_ros_kits/build/CMakeFiles/CMakeTmp

Run Build Command(s):/usr/bin/make -f Makefile cmTC_95c7a/fast && /usr/bin/make  -f CMakeFiles/cmTC_95c7a.dir/build.make CMakeFiles/cmTC_95c7a.dir/build
make[1]: Entering directory '/root/workspace/sebot-t710-competition/sebot_ros_kits/build/CMakeFiles/CMakeTmp'
Building C object CMakeFiles/cmTC_95c7a.dir/CheckFunctionExists.c.o
/usr/bin/cc   -DCHECK_FUNCTION_EXISTS=pthread_create -o CMakeFiles/cmTC_95c7a.dir/CheckFunctionExists.c.o -c /usr/cmake-3.24.1-linux-aarch64/share/cmake-3.24/Modules/CheckFunctionExists.c
Linking C executable cmTC_95c7a
/usr/cmake-3.24.1-linux-aarch64/bin/cmake -E cmake_link_script CMakeFiles/cmTC_95c7a.dir/link.txt --verbose=1
/usr/bin/cc  -DCHECK_FUNCTION_EXISTS=pthread_create -rdynamic CMakeFiles/cmTC_95c7a.dir/CheckFunctionExists.c.o -o cmTC_95c7a  -lpthreads 
/usr/bin/ld: cannot find -lpthreads
collect2: error: ld returned 1 exit status
CMakeFiles/cmTC_95c7a.dir/build.make:98: recipe for target 'cmTC_95c7a' failed
make[1]: *** [cmTC_95c7a] Error 1
make[1]: Leaving directory '/root/workspace/sebot-t710-competition/sebot_ros_kits/build/CMakeFiles/CMakeTmp'
Makefile:127: recipe for target 'cmTC_95c7a/fast' failed
make: *** [cmTC_95c7a/fast] Error 2



Determining if the include file pgm.h exists failed with the following output:
Change Dir: /root/workspace/sebot-t710-competition/sebot_ros_kits/build/CMakeFiles/CMakeTmp

Run Build Command(s):/usr/bin/make -f Makefile cmTC_cebbf/fast && /usr/bin/make  -f CMakeFiles/cmTC_cebbf.dir/build.make CMakeFiles/cmTC_cebbf.dir/build
make[1]: Entering directory '/root/workspace/sebot-t710-competition/sebot_ros_kits/build/CMakeFiles/CMakeTmp'
Building CXX object CMakeFiles/cmTC_cebbf.dir/CheckIncludeFile.cxx.o
/usr/bin/c++    -o CMakeFiles/cmTC_cebbf.dir/CheckIncludeFile.cxx.o -c /root/workspace/sebot-t710-competition/sebot_ros_kits/build/CMakeFiles/CMakeTmp/CheckIncludeFile.cxx
/root/workspace/sebot-t710-competition/sebot_ros_kits/build/CMakeFiles/CMakeTmp/CheckIncludeFile.cxx:1:10: fatal error: pgm.h: No such file or directory
 #include <pgm.h>
          ^~~~~~~
compilation terminated.
CMakeFiles/cmTC_cebbf.dir/build.make:77: recipe for target 'CMakeFiles/cmTC_cebbf.dir/CheckIncludeFile.cxx.o' failed
make[1]: *** [CMakeFiles/cmTC_cebbf.dir/CheckIncludeFile.cxx.o] Error 1
make[1]: Leaving directory '/root/workspace/sebot-t710-competition/sebot_ros_kits/build/CMakeFiles/CMakeTmp'
Makefile:127: recipe for target 'cmTC_cebbf/fast' failed
make: *** [cmTC_cebbf/fast] Error 2



