Performing C SOURCE FILE Test CMAKE_HAVE_LIBC_PTHREAD failed with the following output:
Change Dir: /root/workspace/sebot-t710-competition/sebot_ros_stdr/build/CMakeFiles/CMakeTmp

Run Build Command(s):/usr/bin/make -f Makefile cmTC_cc556/fast && /usr/bin/make  -f CMakeFiles/cmTC_cc556.dir/build.make CMakeFiles/cmTC_cc556.dir/build
make[1]: Entering directory '/root/workspace/sebot-t710-competition/sebot_ros_stdr/build/CMakeFiles/CMakeTmp'
Building C object CMakeFiles/cmTC_cc556.dir/src.c.o
/usr/bin/cc -DCMAKE_HAVE_LIBC_PTHREAD   -o CMakeFiles/cmTC_cc556.dir/src.c.o -c /root/workspace/sebot-t710-competition/sebot_ros_stdr/build/CMakeFiles/CMakeTmp/src.c
Linking C executable cmTC_cc556
/usr/cmake-3.24.1-linux-aarch64/bin/cmake -E cmake_link_script CMakeFiles/cmTC_cc556.dir/link.txt --verbose=1
/usr/bin/cc -rdynamic CMakeFiles/cmTC_cc556.dir/src.c.o -o cmTC_cc556 
CMakeFiles/cmTC_cc556.dir/src.c.o: In function `main':
src.c:(.text+0x48): undefined reference to `pthread_create'
src.c:(.text+0x50): undefined reference to `pthread_detach'
src.c:(.text+0x58): undefined reference to `pthread_cancel'
src.c:(.text+0x64): undefined reference to `pthread_join'
src.c:(.text+0x74): undefined reference to `pthread_atfork'
collect2: error: ld returned 1 exit status
CMakeFiles/cmTC_cc556.dir/build.make:98: recipe for target 'cmTC_cc556' failed
make[1]: *** [cmTC_cc556] Error 1
make[1]: Leaving directory '/root/workspace/sebot-t710-competition/sebot_ros_stdr/build/CMakeFiles/CMakeTmp'
Makefile:127: recipe for target 'cmTC_cc556/fast' failed
make: *** [cmTC_cc556/fast] Error 2


Source file was:
#include <pthread.h>

static void* test_func(void* data)
{
  return data;
}

int main(void)
{
  pthread_t thread;
  pthread_create(&thread, NULL, test_func, NULL);
  pthread_detach(thread);
  pthread_cancel(thread);
  pthread_join(thread, NULL);
  pthread_atfork(NULL, NULL, NULL);
  pthread_exit(NULL);

  return 0;
}

Determining if the function pthread_create exists in the pthreads failed with the following output:
Change Dir: /root/workspace/sebot-t710-competition/sebot_ros_stdr/build/CMakeFiles/CMakeTmp

Run Build Command(s):/usr/bin/make -f Makefile cmTC_c2ff3/fast && /usr/bin/make  -f CMakeFiles/cmTC_c2ff3.dir/build.make CMakeFiles/cmTC_c2ff3.dir/build
make[1]: Entering directory '/root/workspace/sebot-t710-competition/sebot_ros_stdr/build/CMakeFiles/CMakeTmp'
Building C object CMakeFiles/cmTC_c2ff3.dir/CheckFunctionExists.c.o
/usr/bin/cc   -DCHECK_FUNCTION_EXISTS=pthread_create -o CMakeFiles/cmTC_c2ff3.dir/CheckFunctionExists.c.o -c /usr/cmake-3.24.1-linux-aarch64/share/cmake-3.24/Modules/CheckFunctionExists.c
Linking C executable cmTC_c2ff3
/usr/cmake-3.24.1-linux-aarch64/bin/cmake -E cmake_link_script CMakeFiles/cmTC_c2ff3.dir/link.txt --verbose=1
/usr/bin/cc  -DCHECK_FUNCTION_EXISTS=pthread_create -rdynamic CMakeFiles/cmTC_c2ff3.dir/CheckFunctionExists.c.o -o cmTC_c2ff3  -lpthreads 
/usr/bin/ld: cannot find -lpthreads
collect2: error: ld returned 1 exit status
CMakeFiles/cmTC_c2ff3.dir/build.make:98: recipe for target 'cmTC_c2ff3' failed
make[1]: *** [cmTC_c2ff3] Error 1
make[1]: Leaving directory '/root/workspace/sebot-t710-competition/sebot_ros_stdr/build/CMakeFiles/CMakeTmp'
Makefile:127: recipe for target 'cmTC_c2ff3/fast' failed
make: *** [cmTC_c2ff3/fast] Error 2



Determining if the Q_WS_WIN exist failed with the following output:
Change Dir: /root/workspace/sebot-t710-competition/sebot_ros_stdr/build/CMakeFiles/CMakeTmp

Run Build Command(s):/usr/bin/make -f Makefile cmTC_520bf/fast && /usr/bin/make  -f CMakeFiles/cmTC_520bf.dir/build.make CMakeFiles/cmTC_520bf.dir/build
make[1]: Entering directory '/root/workspace/sebot-t710-competition/sebot_ros_stdr/build/CMakeFiles/CMakeTmp'
Building CXX object CMakeFiles/cmTC_520bf.dir/CheckSymbolExists.cxx.o
/usr/bin/c++  -I/usr/include/qt4  -o CMakeFiles/cmTC_520bf.dir/CheckSymbolExists.cxx.o -c /root/workspace/sebot-t710-competition/sebot_ros_stdr/build/CMakeFiles/CMakeTmp/CheckSymbolExists.cxx
/root/workspace/sebot-t710-competition/sebot_ros_stdr/build/CMakeFiles/CMakeTmp/CheckSymbolExists.cxx: In function ‘int main(int, char**)’:
/root/workspace/sebot-t710-competition/sebot_ros_stdr/build/CMakeFiles/CMakeTmp/CheckSymbolExists.cxx:8:19: error: ‘Q_WS_WIN’ was not declared in this scope
   return ((int*)(&Q_WS_WIN))[argc];
                   ^~~~~~~~
/root/workspace/sebot-t710-competition/sebot_ros_stdr/build/CMakeFiles/CMakeTmp/CheckSymbolExists.cxx:8:19: note: suggested alternative: ‘Q_WS_X11’
   return ((int*)(&Q_WS_WIN))[argc];
                   ^~~~~~~~
                   Q_WS_X11
CMakeFiles/cmTC_520bf.dir/build.make:77: recipe for target 'CMakeFiles/cmTC_520bf.dir/CheckSymbolExists.cxx.o' failed
make[1]: *** [CMakeFiles/cmTC_520bf.dir/CheckSymbolExists.cxx.o] Error 1
make[1]: Leaving directory '/root/workspace/sebot-t710-competition/sebot_ros_stdr/build/CMakeFiles/CMakeTmp'
Makefile:127: recipe for target 'cmTC_520bf/fast' failed
make: *** [cmTC_520bf/fast] Error 2


File /root/workspace/sebot-t710-competition/sebot_ros_stdr/build/CMakeFiles/CMakeTmp/CheckSymbolExists.cxx:
/* */
#include <QtCore/qglobal.h>

int main(int argc, char** argv)
{
  (void)argv;
#ifndef Q_WS_WIN
  return ((int*)(&Q_WS_WIN))[argc];
#else
  (void)argc;
  return 0;
#endif
}
Determining if the Q_WS_QWS exist failed with the following output:
Change Dir: /root/workspace/sebot-t710-competition/sebot_ros_stdr/build/CMakeFiles/CMakeTmp

Run Build Command(s):/usr/bin/make -f Makefile cmTC_e3c77/fast && /usr/bin/make  -f CMakeFiles/cmTC_e3c77.dir/build.make CMakeFiles/cmTC_e3c77.dir/build
make[1]: Entering directory '/root/workspace/sebot-t710-competition/sebot_ros_stdr/build/CMakeFiles/CMakeTmp'
Building CXX object CMakeFiles/cmTC_e3c77.dir/CheckSymbolExists.cxx.o
/usr/bin/c++  -I/usr/include/qt4  -o CMakeFiles/cmTC_e3c77.dir/CheckSymbolExists.cxx.o -c /root/workspace/sebot-t710-competition/sebot_ros_stdr/build/CMakeFiles/CMakeTmp/CheckSymbolExists.cxx
/root/workspace/sebot-t710-competition/sebot_ros_stdr/build/CMakeFiles/CMakeTmp/CheckSymbolExists.cxx: In function ‘int main(int, char**)’:
/root/workspace/sebot-t710-competition/sebot_ros_stdr/build/CMakeFiles/CMakeTmp/CheckSymbolExists.cxx:8:19: error: ‘Q_WS_QWS’ was not declared in this scope
   return ((int*)(&Q_WS_QWS))[argc];
                   ^~~~~~~~
/root/workspace/sebot-t710-competition/sebot_ros_stdr/build/CMakeFiles/CMakeTmp/CheckSymbolExists.cxx:8:19: note: suggested alternative: ‘Q_WS_X11’
   return ((int*)(&Q_WS_QWS))[argc];
                   ^~~~~~~~
                   Q_WS_X11
CMakeFiles/cmTC_e3c77.dir/build.make:77: recipe for target 'CMakeFiles/cmTC_e3c77.dir/CheckSymbolExists.cxx.o' failed
make[1]: *** [CMakeFiles/cmTC_e3c77.dir/CheckSymbolExists.cxx.o] Error 1
make[1]: Leaving directory '/root/workspace/sebot-t710-competition/sebot_ros_stdr/build/CMakeFiles/CMakeTmp'
Makefile:127: recipe for target 'cmTC_e3c77/fast' failed
make: *** [cmTC_e3c77/fast] Error 2


File /root/workspace/sebot-t710-competition/sebot_ros_stdr/build/CMakeFiles/CMakeTmp/CheckSymbolExists.cxx:
/* */
#include <QtCore/qglobal.h>

int main(int argc, char** argv)
{
  (void)argv;
#ifndef Q_WS_QWS
  return ((int*)(&Q_WS_QWS))[argc];
#else
  (void)argc;
  return 0;
#endif
}
Determining if the Q_WS_MAC exist failed with the following output:
Change Dir: /root/workspace/sebot-t710-competition/sebot_ros_stdr/build/CMakeFiles/CMakeTmp

Run Build Command(s):/usr/bin/make -f Makefile cmTC_6b8e3/fast && /usr/bin/make  -f CMakeFiles/cmTC_6b8e3.dir/build.make CMakeFiles/cmTC_6b8e3.dir/build
make[1]: Entering directory '/root/workspace/sebot-t710-competition/sebot_ros_stdr/build/CMakeFiles/CMakeTmp'
Building CXX object CMakeFiles/cmTC_6b8e3.dir/CheckSymbolExists.cxx.o
/usr/bin/c++  -I/usr/include/qt4  -o CMakeFiles/cmTC_6b8e3.dir/CheckSymbolExists.cxx.o -c /root/workspace/sebot-t710-competition/sebot_ros_stdr/build/CMakeFiles/CMakeTmp/CheckSymbolExists.cxx
/root/workspace/sebot-t710-competition/sebot_ros_stdr/build/CMakeFiles/CMakeTmp/CheckSymbolExists.cxx: In function ‘int main(int, char**)’:
/root/workspace/sebot-t710-competition/sebot_ros_stdr/build/CMakeFiles/CMakeTmp/CheckSymbolExists.cxx:8:19: error: ‘Q_WS_MAC’ was not declared in this scope
   return ((int*)(&Q_WS_MAC))[argc];
                   ^~~~~~~~
/root/workspace/sebot-t710-competition/sebot_ros_stdr/build/CMakeFiles/CMakeTmp/CheckSymbolExists.cxx:8:19: note: suggested alternative: ‘Q_WS_X11’
   return ((int*)(&Q_WS_MAC))[argc];
                   ^~~~~~~~
                   Q_WS_X11
CMakeFiles/cmTC_6b8e3.dir/build.make:77: recipe for target 'CMakeFiles/cmTC_6b8e3.dir/CheckSymbolExists.cxx.o' failed
make[1]: *** [CMakeFiles/cmTC_6b8e3.dir/CheckSymbolExists.cxx.o] Error 1
make[1]: Leaving directory '/root/workspace/sebot-t710-competition/sebot_ros_stdr/build/CMakeFiles/CMakeTmp'
Makefile:127: recipe for target 'cmTC_6b8e3/fast' failed
make: *** [cmTC_6b8e3/fast] Error 2


File /root/workspace/sebot-t710-competition/sebot_ros_stdr/build/CMakeFiles/CMakeTmp/CheckSymbolExists.cxx:
/* */
#include <QtCore/qglobal.h>

int main(int argc, char** argv)
{
  (void)argv;
#ifndef Q_WS_MAC
  return ((int*)(&Q_WS_MAC))[argc];
#else
  (void)argc;
  return 0;
#endif
}
